<?xml version="1.0" encoding="UTF-8"?>
<testsuites name="Appoinment Test" time="65.39" tests="3" failures="0" errors="0">
   <testsuite name="Appoinment Test" tests="3" failures="0" errors="0" time="65.39" skipped="0" timestamp="2024-11-27 10:47:37" hostname="indra - Bundreng-PC" id="Test Suites/Appoinment Test">
      <properties>
         <property name="deviceName" value=""/>
         <property name="devicePlatform" value=""/>
         <property name="logFolder" value="C:\\Users\\indra\\Katalon Studio\\Testing QA\\Reports\\20241127_104721\\Appoinment Test\\20241127_104721"/>
         <property name="logFiles" value="C:\\Users\\indra\\Katalon Studio\\Testing QA\\Reports\\20241127_104721\\Appoinment Test\\20241127_104721\\execution0.log"/>
         <property name="attachments" value="C:\\Users\\indra\\Katalon Studio\\Testing QA\\Reports\\20241127_104721\\Appoinment Test\\20241127_104721\\1732679280520.png, C:\\Users\\indra\\Katalon Studio\\Testing QA\\Reports\\20241127_104721\\Appoinment Test\\20241127_104721\\1732679298313.png, C:\\Users\\indra\\Katalon Studio\\Testing QA\\Reports\\20241127_104721\\Appoinment Test\\20241127_104721\\1732679318854.png"/>
         <property name="hostName" value="indra - Bundreng-PC"/>
         <property name="os" value="Windows 11 64bit"/>
         <property name="katalonVersion" value="8.6.9.208"/>
         <property name="browser" value="Chrome 131.0.0.0"/>
         <property name="hostAddress" value="192.168.0.103"/>
         <property name="sessionId" value="89ae96eec7acf8061c4ce4be54d9d208"/>
         <property name="seleniumVersion" value="3.141.59"/>
         <property name="proxyInformation" value="ProxyInformation { proxyOption=NO_PROXY, proxyServerType=HTTP, username=, password=********, proxyServerAddress=, proxyServerPort=0, executionList=&quot;&quot;, isApplyToDesiredCapabilities=true }"/>
         <property name="platform" value="Windows 11"/>
      </properties>
      <testcase name="Test Cases/Appointment/Appoinment Positive" time="26.48" classname="Test Cases/Appointment/Appoinment Positive" status="PASSED">
         <system-out><![CDATA[2024-11-27 10:47:38 - [TEST_CASE][PASSED] - Test Cases/Appointment/Appoinment Positive: Test Cases/Appointment/Appoinment Positive

2024-11-27 10:47:39 - [TEST_STEP][PASSED] - callTestCase(findTestCase("Test Cases/Login/Login-Positive"), null, STOP_ON_FAILURE): Call Test Case 'Test Cases/Login/Login-Positive' successfully

2024-11-27 10:47:39 - [TEST_CASE][PASSED] - Test Cases/Login/Login-Positive: Test Cases/Login/Login-Positive

2024-11-27 10:47:40 - [TEST_STEP][PASSED] - openBrowser(""): Browser is opened with url: ''

2024-11-27 10:47:41 - [MESSAGE][INFO] - Starting 'Chrome' driver

2024-11-27 10:47:41 - [MESSAGE][INFO] - Action delay is set to 0 milliseconds

2024-11-27 10:47:46 - [MESSAGE][PASSED] - Browser is opened with url: ''

2024-11-27 10:47:46 - [TEST_STEP][PASSED] - navigateToUrl("https://katalon-demo-cura.herokuapp.com/"): Navigate to 'https://katalon-demo-cura.herokuapp.com/' successfully

2024-11-27 10:47:47 - [MESSAGE][PASSED] - Navigate to 'https://katalon-demo-cura.herokuapp.com/' successfully

2024-11-27 10:47:47 - [TEST_STEP][PASSED] - click(findTestObject("Object Repository/Page_CURA Healthcare Service/i_CURA Healthcare_fa fa-bars")): Object: 'Object Repository/Page_CURA Healthcare Service/i_CURA Healthcare_fa fa-bars' is clicked on

2024-11-27 10:47:50 - [MESSAGE][PASSED] - Object: 'Object Repository/Page_CURA Healthcare Service/i_CURA Healthcare_fa fa-bars' is clicked on

2024-11-27 10:47:50 - [TEST_STEP][PASSED] - click(findTestObject("Object Repository/Page_CURA Healthcare Service/a_Login")): Object: 'Object Repository/Page_CURA Healthcare Service/a_Login' is clicked on

2024-11-27 10:47:51 - [MESSAGE][PASSED] - Object: 'Object Repository/Page_CURA Healthcare Service/a_Login' is clicked on

2024-11-27 10:47:51 - [TEST_STEP][PASSED] - setText(findTestObject("Object Repository/Page_CURA Healthcare Service/input_Username_username"), "John Doe"): Text 'John Doe' is set on object 'Object Repository/Page_CURA Healthcare Service/input_Username_username'

2024-11-27 10:47:52 - [MESSAGE][PASSED] - Text 'John Doe' is set on object 'Object Repository/Page_CURA Healthcare Service/input_Username_username'

2024-11-27 10:47:52 - [TEST_STEP][PASSED] - setEncryptedText(findTestObject("Object Repository/Page_CURA Healthcare Service/input_Password_password"), "g3/DOGG74jC3Flrr3yH+3D/yKbOqqUNM"): Text ****** has been set on object 'Object Repository/Page_CURA Healthcare Service/input_Password_password'

2024-11-27 10:47:53 - [MESSAGE][PASSED] - Text ****** has been set on object 'Object Repository/Page_CURA Healthcare Service/input_Password_password'

2024-11-27 10:47:53 - [TEST_STEP][PASSED] - click(findTestObject("Object Repository/Page_CURA Healthcare Service/button_Login")): Object: 'Object Repository/Page_CURA Healthcare Service/button_Login' is clicked on

2024-11-27 10:47:54 - [MESSAGE][PASSED] - Object: 'Object Repository/Page_CURA Healthcare Service/button_Login' is clicked on

2024-11-27 10:47:54 - [MESSAGE][PASSED] - Call Test Case 'Test Cases/Login/Login-Positive' successfully

2024-11-27 10:47:54 - [TEST_STEP][PASSED] - click(findTestObject("Object Repository/Page_CURA Healthcare Service/input_Apply for hospital readmission_hospit_63901f")): Object: 'Object Repository/Page_CURA Healthcare Service/input_Apply for hospital readmission_hospit_63901f' is clicked on

2024-11-27 10:47:55 - [MESSAGE][PASSED] - Object: 'Object Repository/Page_CURA Healthcare Service/input_Apply for hospital readmission_hospit_63901f' is clicked on

2024-11-27 10:47:55 - [TEST_STEP][PASSED] - click(findTestObject("Object Repository/Page_CURA Healthcare Service/input_Medicaid_programs")): Object: 'Object Repository/Page_CURA Healthcare Service/input_Medicaid_programs' is clicked on

2024-11-27 10:47:55 - [MESSAGE][PASSED] - Object: 'Object Repository/Page_CURA Healthcare Service/input_Medicaid_programs' is clicked on

2024-11-27 10:47:55 - [TEST_STEP][PASSED] - click(findTestObject("Object Repository/Page_CURA Healthcare Service/span_Visit Date (Required)_glyphicon glyphi_cada34")): Object: 'Object Repository/Page_CURA Healthcare Service/span_Visit Date (Required)_glyphicon glyphi_cada34' is clicked on

2024-11-27 10:47:56 - [MESSAGE][PASSED] - Object: 'Object Repository/Page_CURA Healthcare Service/span_Visit Date (Required)_glyphicon glyphi_cada34' is clicked on

2024-11-27 10:47:56 - [TEST_STEP][PASSED] - click(findTestObject("Object Repository/Page_CURA Healthcare Service/td_21")): Object: 'Object Repository/Page_CURA Healthcare Service/td_21' is clicked on

2024-11-27 10:47:56 - [MESSAGE][PASSED] - Object: 'Object Repository/Page_CURA Healthcare Service/td_21' is clicked on

2024-11-27 10:47:56 - [TEST_STEP][PASSED] - click(findTestObject("Object Repository/Page_CURA Healthcare Service/div_Comment")): Object: 'Object Repository/Page_CURA Healthcare Service/div_Comment' is clicked on

2024-11-27 10:47:57 - [MESSAGE][PASSED] - Object: 'Object Repository/Page_CURA Healthcare Service/div_Comment' is clicked on

2024-11-27 10:47:57 - [TEST_STEP][PASSED] - setText(findTestObject("Object Repository/Page_CURA Healthcare Service/textarea_Comment_comment"), "Testing"): Text 'Testing' is set on object 'Object Repository/Page_CURA Healthcare Service/textarea_Comment_comment'

2024-11-27 10:47:58 - [MESSAGE][PASSED] - Text 'Testing' is set on object 'Object Repository/Page_CURA Healthcare Service/textarea_Comment_comment'

2024-11-27 10:47:58 - [TEST_STEP][PASSED] - click(findTestObject("Object Repository/Page_CURA Healthcare Service/button_Book Appointment")): Object: 'Object Repository/Page_CURA Healthcare Service/button_Book Appointment' is clicked on

2024-11-27 10:47:59 - [MESSAGE][PASSED] - Object: 'Object Repository/Page_CURA Healthcare Service/button_Book Appointment' is clicked on

2024-11-27 10:47:59 - [TEST_STEP][PASSED] - verifyElementText(findTestObject("Object Repository/Page_CURA Healthcare Service/h2_Appointment Confirmation"), "Appointment Confirmation"): Actual text and expected text of test object 'Object Repository/Page_CURA Healthcare Service/h2_Appointment Confirmation' are matched.

2024-11-27 10:47:59 - [MESSAGE][PASSED] - Actual text and expected text of test object 'Object Repository/Page_CURA Healthcare Service/h2_Appointment Confirmation' are matched.

2024-11-27 10:47:59 - [TEST_STEP][PASSED] - callTestCase(findTestCase("Test Cases/Login/Close-Browser"), null, STOP_ON_FAILURE): Call Test Case 'Test Cases/Login/Close-Browser' successfully

2024-11-27 10:48:00 - [TEST_CASE][PASSED] - Test Cases/Login/Close-Browser: Test Cases/Login/Close-Browser

2024-11-27 10:48:00 - [TEST_STEP][PASSED] - takeFullPageScreenshot(): Taking screenshot successfully

2024-11-27 10:48:02 - [MESSAGE][INFO] - 0 hidden object(s)

2024-11-27 10:48:03 - [MESSAGE][PASSED] - Taking screenshot successfully
[[ATTACHMENT|C:\\Users\\indra\\Katalon Studio\\Testing QA\\Reports\\20241127_104721\\Appoinment Test\\20241127_104721\\1732679280520.png]]

2024-11-27 10:48:03 - [TEST_STEP][PASSED] - closeBrowser(): Browser is closed

2024-11-27 10:48:05 - [MESSAGE][PASSED] - Browser is closed

2024-11-27 10:48:05 - [MESSAGE][PASSED] - Call Test Case 'Test Cases/Login/Close-Browser' successfully]]></system-out>
         <system-err><![CDATA[]]></system-err>
      </testcase>
      <testcase name="Test Cases/Appointment/Appointment Negative" time="16.566" classname="Test Cases/Appointment/Appointment Negative" status="PASSED">
         <system-out><![CDATA[2024-11-27 10:48:05 - [TEST_CASE][PASSED] - Test Cases/Appointment/Appointment Negative: Test Cases/Appointment/Appointment Negative

2024-11-27 10:48:05 - [TEST_STEP][PASSED] - callTestCase(findTestCase("Test Cases/Login/Login-Positive"), null, STOP_ON_FAILURE): Call Test Case 'Test Cases/Login/Login-Positive' successfully

2024-11-27 10:48:05 - [TEST_CASE][PASSED] - Test Cases/Login/Login-Positive: Test Cases/Login/Login-Positive

2024-11-27 10:48:05 - [TEST_STEP][PASSED] - openBrowser(""): Browser is opened with url: ''

2024-11-27 10:48:05 - [MESSAGE][INFO] - Starting 'Chrome' driver

2024-11-27 10:48:05 - [MESSAGE][INFO] - Action delay is set to 0 milliseconds

2024-11-27 10:48:08 - [MESSAGE][PASSED] - Browser is opened with url: ''

2024-11-27 10:48:08 - [TEST_STEP][PASSED] - navigateToUrl("https://katalon-demo-cura.herokuapp.com/"): Navigate to 'https://katalon-demo-cura.herokuapp.com/' successfully

2024-11-27 10:48:11 - [MESSAGE][PASSED] - Navigate to 'https://katalon-demo-cura.herokuapp.com/' successfully

2024-11-27 10:48:11 - [TEST_STEP][PASSED] - click(findTestObject("Object Repository/Page_CURA Healthcare Service/i_CURA Healthcare_fa fa-bars")): Object: 'Object Repository/Page_CURA Healthcare Service/i_CURA Healthcare_fa fa-bars' is clicked on

2024-11-27 10:48:12 - [MESSAGE][PASSED] - Object: 'Object Repository/Page_CURA Healthcare Service/i_CURA Healthcare_fa fa-bars' is clicked on

2024-11-27 10:48:12 - [TEST_STEP][PASSED] - click(findTestObject("Object Repository/Page_CURA Healthcare Service/a_Login")): Object: 'Object Repository/Page_CURA Healthcare Service/a_Login' is clicked on

2024-11-27 10:48:13 - [MESSAGE][PASSED] - Object: 'Object Repository/Page_CURA Healthcare Service/a_Login' is clicked on

2024-11-27 10:48:13 - [TEST_STEP][PASSED] - setText(findTestObject("Object Repository/Page_CURA Healthcare Service/input_Username_username"), "John Doe"): Text 'John Doe' is set on object 'Object Repository/Page_CURA Healthcare Service/input_Username_username'

2024-11-27 10:48:14 - [MESSAGE][PASSED] - Text 'John Doe' is set on object 'Object Repository/Page_CURA Healthcare Service/input_Username_username'

2024-11-27 10:48:14 - [TEST_STEP][PASSED] - setEncryptedText(findTestObject("Object Repository/Page_CURA Healthcare Service/input_Password_password"), "g3/DOGG74jC3Flrr3yH+3D/yKbOqqUNM"): Text ****** has been set on object 'Object Repository/Page_CURA Healthcare Service/input_Password_password'

2024-11-27 10:48:15 - [MESSAGE][PASSED] - Text ****** has been set on object 'Object Repository/Page_CURA Healthcare Service/input_Password_password'

2024-11-27 10:48:15 - [TEST_STEP][PASSED] - click(findTestObject("Object Repository/Page_CURA Healthcare Service/button_Login")): Object: 'Object Repository/Page_CURA Healthcare Service/button_Login' is clicked on

2024-11-27 10:48:16 - [MESSAGE][PASSED] - Object: 'Object Repository/Page_CURA Healthcare Service/button_Login' is clicked on

2024-11-27 10:48:16 - [MESSAGE][PASSED] - Call Test Case 'Test Cases/Login/Login-Positive' successfully

2024-11-27 10:48:16 - [TEST_STEP][PASSED] - click(findTestObject("Page_CURA Healthcare Service/button_Book Appointment")): Object: 'Object Repository/Page_CURA Healthcare Service/button_Book Appointment' is clicked on

2024-11-27 10:48:17 - [MESSAGE][PASSED] - Object: 'Object Repository/Page_CURA Healthcare Service/button_Book Appointment' is clicked on

2024-11-27 10:48:17 - [TEST_STEP][PASSED] - verifyElementPresent(findTestObject("Object Repository/Page_CURA Healthcare Service/div_November 2024SuMoTuWeThFrSa272829303112_1e78dd"), 0): Object 'Object Repository/Page_CURA Healthcare Service/div_November 2024SuMoTuWeThFrSa272829303112_1e78dd' is present

2024-11-27 10:48:17 - [MESSAGE][WARNING] - Timeout '0' is invalid. Using default page load timeout: '30'

2024-11-27 10:48:18 - [MESSAGE][PASSED] - Object 'Object Repository/Page_CURA Healthcare Service/div_November 2024SuMoTuWeThFrSa272829303112_1e78dd' is present

2024-11-27 10:48:18 - [TEST_STEP][PASSED] - callTestCase(findTestCase("Test Cases/Login/Close-Browser"), null, STOP_ON_FAILURE): Call Test Case 'Test Cases/Login/Close-Browser' successfully

2024-11-27 10:48:18 - [TEST_CASE][PASSED] - Test Cases/Login/Close-Browser: Test Cases/Login/Close-Browser

2024-11-27 10:48:18 - [TEST_STEP][PASSED] - takeFullPageScreenshot(): Taking screenshot successfully

2024-11-27 10:48:20 - [MESSAGE][INFO] - 0 hidden object(s)

2024-11-27 10:48:20 - [MESSAGE][PASSED] - Taking screenshot successfully
[[ATTACHMENT|C:\\Users\\indra\\Katalon Studio\\Testing QA\\Reports\\20241127_104721\\Appoinment Test\\20241127_104721\\1732679298313.png]]

2024-11-27 10:48:20 - [TEST_STEP][PASSED] - closeBrowser(): Browser is closed

2024-11-27 10:48:21 - [MESSAGE][PASSED] - Browser is closed

2024-11-27 10:48:21 - [MESSAGE][PASSED] - Call Test Case 'Test Cases/Login/Close-Browser' successfully]]></system-out>
         <system-err><![CDATA[]]></system-err>
      </testcase>
      <testcase name="Test Cases/Appointment/Appointment Positive Negative" time="21.611" classname="Test Cases/Appointment/Appointment Positive Negative" status="PASSED">
         <system-out><![CDATA[2024-11-27 10:48:21 - [TEST_CASE][PASSED] - Test Cases/Appointment/Appointment Positive Negative: Test Cases/Appointment/Appointment Positive Negative

2024-11-27 10:48:22 - [TEST_STEP][PASSED] - callTestCase(findTestCase("Test Cases/Login/Login-Positive"), null, STOP_ON_FAILURE): Call Test Case 'Test Cases/Login/Login-Positive' successfully

2024-11-27 10:48:22 - [TEST_CASE][PASSED] - Test Cases/Login/Login-Positive: Test Cases/Login/Login-Positive

2024-11-27 10:48:22 - [TEST_STEP][PASSED] - openBrowser(""): Browser is opened with url: ''

2024-11-27 10:48:22 - [MESSAGE][INFO] - Starting 'Chrome' driver

2024-11-27 10:48:22 - [MESSAGE][INFO] - Action delay is set to 0 milliseconds

2024-11-27 10:48:24 - [MESSAGE][PASSED] - Browser is opened with url: ''

2024-11-27 10:48:24 - [TEST_STEP][PASSED] - navigateToUrl("https://katalon-demo-cura.herokuapp.com/"): Navigate to 'https://katalon-demo-cura.herokuapp.com/' successfully

2024-11-27 10:48:27 - [MESSAGE][PASSED] - Navigate to 'https://katalon-demo-cura.herokuapp.com/' successfully

2024-11-27 10:48:27 - [TEST_STEP][PASSED] - click(findTestObject("Object Repository/Page_CURA Healthcare Service/i_CURA Healthcare_fa fa-bars")): Object: 'Object Repository/Page_CURA Healthcare Service/i_CURA Healthcare_fa fa-bars' is clicked on

2024-11-27 10:48:28 - [MESSAGE][PASSED] - Object: 'Object Repository/Page_CURA Healthcare Service/i_CURA Healthcare_fa fa-bars' is clicked on

2024-11-27 10:48:28 - [TEST_STEP][PASSED] - click(findTestObject("Object Repository/Page_CURA Healthcare Service/a_Login")): Object: 'Object Repository/Page_CURA Healthcare Service/a_Login' is clicked on

2024-11-27 10:48:29 - [MESSAGE][PASSED] - Object: 'Object Repository/Page_CURA Healthcare Service/a_Login' is clicked on

2024-11-27 10:48:29 - [TEST_STEP][PASSED] - setText(findTestObject("Object Repository/Page_CURA Healthcare Service/input_Username_username"), "John Doe"): Text 'John Doe' is set on object 'Object Repository/Page_CURA Healthcare Service/input_Username_username'

2024-11-27 10:48:30 - [MESSAGE][PASSED] - Text 'John Doe' is set on object 'Object Repository/Page_CURA Healthcare Service/input_Username_username'

2024-11-27 10:48:30 - [TEST_STEP][PASSED] - setEncryptedText(findTestObject("Object Repository/Page_CURA Healthcare Service/input_Password_password"), "g3/DOGG74jC3Flrr3yH+3D/yKbOqqUNM"): Text ****** has been set on object 'Object Repository/Page_CURA Healthcare Service/input_Password_password'

2024-11-27 10:48:31 - [MESSAGE][PASSED] - Text ****** has been set on object 'Object Repository/Page_CURA Healthcare Service/input_Password_password'

2024-11-27 10:48:31 - [TEST_STEP][PASSED] - click(findTestObject("Object Repository/Page_CURA Healthcare Service/button_Login")): Object: 'Object Repository/Page_CURA Healthcare Service/button_Login' is clicked on

2024-11-27 10:48:32 - [MESSAGE][PASSED] - Object: 'Object Repository/Page_CURA Healthcare Service/button_Login' is clicked on

2024-11-27 10:48:32 - [MESSAGE][PASSED] - Call Test Case 'Test Cases/Login/Login-Positive' successfully

2024-11-27 10:48:32 - [TEST_STEP][PASSED] - click(findTestObject("Object Repository/Page_CURA Healthcare Service/input_Apply for hospital readmission_hospit_63901f")): Object: 'Object Repository/Page_CURA Healthcare Service/input_Apply for hospital readmission_hospit_63901f' is clicked on

2024-11-27 10:48:33 - [MESSAGE][PASSED] - Object: 'Object Repository/Page_CURA Healthcare Service/input_Apply for hospital readmission_hospit_63901f' is clicked on

2024-11-27 10:48:33 - [TEST_STEP][PASSED] - click(findTestObject("Object Repository/Page_CURA Healthcare Service/input_Medicaid_programs")): Object: 'Object Repository/Page_CURA Healthcare Service/input_Medicaid_programs' is clicked on

2024-11-27 10:48:33 - [MESSAGE][PASSED] - Object: 'Object Repository/Page_CURA Healthcare Service/input_Medicaid_programs' is clicked on

2024-11-27 10:48:33 - [TEST_STEP][PASSED] - click(findTestObject("Object Repository/Page_CURA Healthcare Service/span_Visit Date (Required)_glyphicon glyphi_cada34")): Object: 'Object Repository/Page_CURA Healthcare Service/span_Visit Date (Required)_glyphicon glyphi_cada34' is clicked on

2024-11-27 10:48:33 - [MESSAGE][PASSED] - Object: 'Object Repository/Page_CURA Healthcare Service/span_Visit Date (Required)_glyphicon glyphi_cada34' is clicked on

2024-11-27 10:48:33 - [TEST_STEP][PASSED] - click(findTestObject("Object Repository/Page_CURA Healthcare Service/th_")): Object: 'Object Repository/Page_CURA Healthcare Service/th_' is clicked on

2024-11-27 10:48:34 - [MESSAGE][PASSED] - Object: 'Object Repository/Page_CURA Healthcare Service/th_' is clicked on

2024-11-27 10:48:34 - [TEST_STEP][PASSED] - click(findTestObject("Object Repository/Page_CURA Healthcare Service/td_1")): Object: 'Object Repository/Page_CURA Healthcare Service/td_1' is clicked on

2024-11-27 10:48:35 - [MESSAGE][PASSED] - Object: 'Object Repository/Page_CURA Healthcare Service/td_1' is clicked on

2024-11-27 10:48:35 - [TEST_STEP][PASSED] - click(findTestObject("Object Repository/Page_CURA Healthcare Service/div_Comment")): Object: 'Object Repository/Page_CURA Healthcare Service/div_Comment' is clicked on

2024-11-27 10:48:36 - [MESSAGE][PASSED] - Object: 'Object Repository/Page_CURA Healthcare Service/div_Comment' is clicked on

2024-11-27 10:48:36 - [TEST_STEP][PASSED] - setText(findTestObject("Object Repository/Page_CURA Healthcare Service/textarea_Comment_comment"), "Test backdate for visit"): Text 'Test backdate for visit' is set on object 'Object Repository/Page_CURA Healthcare Service/textarea_Comment_comment'

2024-11-27 10:48:37 - [MESSAGE][PASSED] - Text 'Test backdate for visit' is set on object 'Object Repository/Page_CURA Healthcare Service/textarea_Comment_comment'

2024-11-27 10:48:37 - [TEST_STEP][PASSED] - click(findTestObject("Object Repository/Page_CURA Healthcare Service/button_Book Appointment")): Object: 'Object Repository/Page_CURA Healthcare Service/button_Book Appointment' is clicked on

2024-11-27 10:48:38 - [MESSAGE][PASSED] - Object: 'Object Repository/Page_CURA Healthcare Service/button_Book Appointment' is clicked on

2024-11-27 10:48:38 - [TEST_STEP][PASSED] - verifyElementText(findTestObject("Object Repository/Page_CURA Healthcare Service/h2_Appointment Confirmation"), "Appointment Confirmation"): Actual text and expected text of test object 'Object Repository/Page_CURA Healthcare Service/h2_Appointment Confirmation' are matched.

2024-11-27 10:48:38 - [MESSAGE][PASSED] - Actual text and expected text of test object 'Object Repository/Page_CURA Healthcare Service/h2_Appointment Confirmation' are matched.

2024-11-27 10:48:38 - [TEST_STEP][PASSED] - callTestCase(findTestCase("Test Cases/Login/Close-Browser"), null, STOP_ON_FAILURE): Call Test Case 'Test Cases/Login/Close-Browser' successfully

2024-11-27 10:48:38 - [TEST_CASE][PASSED] - Test Cases/Login/Close-Browser: Test Cases/Login/Close-Browser

2024-11-27 10:48:38 - [TEST_STEP][PASSED] - takeFullPageScreenshot(): Taking screenshot successfully

2024-11-27 10:48:40 - [MESSAGE][INFO] - 0 hidden object(s)

2024-11-27 10:48:41 - [MESSAGE][PASSED] - Taking screenshot successfully
[[ATTACHMENT|C:\\Users\\indra\\Katalon Studio\\Testing QA\\Reports\\20241127_104721\\Appoinment Test\\20241127_104721\\1732679318854.png]]

2024-11-27 10:48:41 - [TEST_STEP][PASSED] - closeBrowser(): Browser is closed

2024-11-27 10:48:43 - [MESSAGE][PASSED] - Browser is closed

2024-11-27 10:48:43 - [MESSAGE][PASSED] - Call Test Case 'Test Cases/Login/Close-Browser' successfully]]></system-out>
         <system-err><![CDATA[]]></system-err>
      </testcase>
      <system-out><![CDATA[2024-11-27 10:47:37 - [TEST_SUITE][PASSED] - Appoinment Test: Test Cases/Appointment/Appointment Positive Negative]]></system-out>
      <system-err><![CDATA[]]></system-err>
   </testsuite>
</testsuites>
